android/app/mapping.txt
# compiler: R8
# compiler_version: 8.11.18
# min_api: 24
# common_typos_disable
# {"id":"com.android.tools.r8.mapping","version":"2.2"}
# pg_map_id: 5a3da3e
# pg_map_hash: SHA-256 5a3da3e5c0b25d2eb48c2fbb8efa0a9b91770e6be92303e90ac39bbd30197aad
com.fervelez.integrador9c.MainActivity -> com.fervelez.integrador9c.MainActivity:
# {"id":"sourceFile","fileName":"MainActivity.kt"}
    java.lang.String CHANNEL -> d
    io.flutter.plugin.common.MethodChannel$Result pendingResult -> e
    int PERMISSION_REQUEST_CODE -> f
    int $r8$clinit -> g
      # {"id":"com.android.tools.r8.synthesized"}
    1:3:void <init>():19:19 -> <init>
    4:9:void <init>():21:21 -> <init>
    10:12:void <init>():23:23 -> <init>
    1:14:void checkMockLocationAndReturn():103:103 -> a
    15:20:void checkMockLocationAndReturn():105:105 -> a
    21:31:void checkMockLocationAndReturn():106:106 -> a
    32:40:void checkMockLocationAndReturn():110:110 -> a
    41:44:void checkMockLocationAndReturn():111:111 -> a
    45:53:void checkMockLocationAndReturn():117:117 -> a
    54:69:void checkMockLocationAndReturn():118:118 -> a
    70:75:void checkMockLocationAndReturn():120:120 -> a
    76:81:boolean isLocationMocked(android.location.Location):176:176 -> a
    76:81:void checkMockLocationAndReturn():121 -> a
    82:86:boolean isLocationMocked(android.location.Location):177:177 -> a
    82:86:void checkMockLocationAndReturn():121 -> a
    87:92:boolean isLocationMocked(android.location.Location):180:180 -> a
    87:92:void checkMockLocationAndReturn():121 -> a
    93:101:void checkMockLocationAndReturn():131:131 -> a
    102:104:void checkMockLocationAndReturn():132:132 -> a
    105:115:void checkMockLocationAndReturn():137:137 -> a
com.fervelez.integrador9c.MainActivity$$ExternalSyntheticLambda2 -> o0.a:
# {"id":"sourceFile","fileName":"R8$$SyntheticClass"}
# {"id":"com.android.tools.r8.synthesized"}
    int o0.MainActivity$$ExternalSyntheticLambda2.$r8$classId -> d
      # {"id":"com.android.tools.r8.synthesized"}
    com.fervelez.integrador9c.MainActivity com.fervelez.integrador9c.MainActivity$$InternalSyntheticLambda$1$e9f20d868ebd35e8e022ea7b6e0cd46a96cfd94a7e85507a45374f7452090345$0.f$0 -> e
      # {"id":"com.android.tools.r8.synthesized"}
    1:1:void o0.MainActivity$$ExternalSyntheticLambda2.<init>(com.fervelez.integrador9c.MainActivity,int):0:0 -> <init>
      # {"id":"com.android.tools.r8.synthesized"}
    14:19:void com.fervelez.integrador9c.MainActivity.configureFlutterEngine$lambda$1(com.fervelez.integrador9c.MainActivity,io.flutter.plugin.common.MethodCall,io.flutter.plugin.common.MethodChannel$Result):0:0 -> onMethodCall
    14:19:void o0.MainActivity$$ExternalSyntheticLambda2.onMethodCall(io.flutter.plugin.common.MethodCall,io.flutter.plugin.common.MethodChannel$Result):0 -> onMethodCall
      # {"id":"com.android.tools.r8.synthesized"}
    20:29:void com.fervelez.integrador9c.MainActivity.configureFlutterEngine$lambda$1(com.fervelez.integrador9c.MainActivity,io.flutter.plugin.common.MethodCall,io.flutter.plugin.common.MethodChannel$Result):48:48 -> onMethodCall
...
androidx.datastore.core.UpdatingDataContextElement$Companion$Key -> I.n0:
# {"id":"sourceFile","fileName":"DataStoreImpl.kt"}
    androidx.datastore.core.UpdatingDataContextElement$Companion$Key INSTANCE -> d
      # {"id":"com.android.tools.r8.residualsignature","signature":"LI/n0;"}
    3:5:void <init>():522:522 -> <clinit>
    3:5:void <clinit>():0 -> <clinit>
    6:8:void <clinit>():0:0 -> <clinit>
androidx.datastore.migrations.SharedPreferencesMigration -> K.d:
# {"id":"sourceFile","fileName":"SharedPreferencesMigration.android.kt"}
    kotlin.jvm.functions.Function2 shouldRunMigration -> a
      # {"id":"com.android.tools.r8.residualsignature","signature":"LL/l;"}
    kotlin.jvm.functions.Function3 migrate -> b
      # {"id":"com.android.tools.r8.residualsignature","signature":"LL/k;"}
    android.content.Context context -> c
    java.lang.String name -> d
    kotlin.Lazy sharedPrefs$delegate -> e
      # {"id":"com.android.tools.r8.residualsignature","signature":"Lb2/f;"}
    java.util.Set keySet -> f
      # {"id":"com.android.tools.r8.residualsignature","signature":"Ljava/util/LinkedHashSet;"}
    16:21:void <init>(android.content.Context,java.lang.String,java.util.Set,kotlin.jvm.functions.Function2,kotlin.jvm.functions.Function3):130:130 -> <init>
      # {"id":"com.android.tools.r8.residualsignature","signature":"(Landroid/content/Context;Ljava/lang/String;Ljava/util/Set;LL/l;LL/k;)V"}
    22:24:void <init>(kotlin.jvm.functions.Function0,java.util.Set,kotlin.jvm.functions.Function2,kotlin.jvm.functions.Function3,android.content.Context,java.lang.String):32:32 -> <init>
    22:24:void <init>(android.content.Context,java.lang.String,java.util.Set,kotlin.jvm.functions.Function2,kotlin.jvm.functions.Function3):129 -> <init>
androidx.datastore.migrations.SharedPreferencesMigration$4 -> K.a:
# {"id":"sourceFile","fileName":"SharedPreferencesMigration.android.kt"}
    int K.SharedPreferencesMigration$4.$r8$classId -> e
      # {"id":"com.android.tools.r8.synthesized"}
    android.content.Context $context -> f
      # {"id":"com.android.tools.r8.residualsignature","signature":"Ljava/lang/Object;"}
    java.lang.String $sharedPreferencesName -> g
      # {"id":"com.android.tools.r8.residualsignature","signature":"Ljava/lang/Object;"}
    1:1:void K.SharedPreferencesMigration$4.<init>(java.lang.Object,int,java.lang.Object):0:0 -> <init>
      # {"id":"com.android.tools.r8.synthesized"}
    6:9:void androidx.window.layout.WindowInfoTrackerImpl$windowLayoutInfo$2$2.invoke():64:64 -> a
    6:9:java.lang.Object androidx.window.layout.WindowInfoTrackerImpl$windowLayoutInfo$2$2.invoke():63 -> a
    10:13:androidx.window.layout.adapter.WindowBackend androidx.window.layout.WindowInfoTrackerImpl.access$getWindowBackend$p(androidx.window.layout.WindowInfoTrackerImpl):37:37 -> a
    10:13:void androidx.window.layout.WindowInfoTrackerImpl$windowLayoutInfo$2$2.invoke():64 -> a
    10:13:java.lang.Object androidx.window.layout.WindowInfoTrackerImpl$windowLayoutInfo$2$2.invoke():63 -> a
    14:20:void androidx.window.layout.WindowInfoTrackerImpl$windowLayoutInfo$2$2.invoke():64:64 -> a
    14:20:java.lang.Object androidx.window.layout.WindowInfoTrackerImpl$windowLayoutInfo$2$2.invoke():63 -> a
androidx.datastore.migrations.SharedPreferencesMigration$Api24Impl -> K.b:
# {"id":"sourceFile","fileName":"SharedPreferencesMigration.android.kt"}
    11:15:boolean deleteSharedPreferences(android.content.Context,java.lang.String):223:223 -> a